2015-08-04 16:17:58 - PHP Notice:  Undefined variable: scripts in D:\OpenServer\domains\oc2\catalog\view\theme\new\template\common\footer.tpl on line 49
2015-08-04 16:17:58 - PHP Warning:  Invalid argument supplied for foreach() in D:\OpenServer\domains\oc2\catalog\view\theme\new\template\common\footer.tpl on line 49
2015-08-04 16:17:58 - PHP Notice:  Undefined variable: google_analytics in D:\OpenServer\domains\oc2\catalog\view\theme\new\template\common\footer.tpl on line 52
2015-08-04 16:18:01 - PHP Notice:  Undefined variable: scripts in D:\OpenServer\domains\oc2\catalog\view\theme\new\template\common\footer.tpl on line 49
2015-08-04 16:18:01 - PHP Warning:  Invalid argument supplied for foreach() in D:\OpenServer\domains\oc2\catalog\view\theme\new\template\common\footer.tpl on line 49
2015-08-04 16:18:01 - PHP Notice:  Undefined variable: google_analytics in D:\OpenServer\domains\oc2\catalog\view\theme\new\template\common\footer.tpl on line 52
2015-08-04 16:18:36 - PHP Notice:  Undefined variable: scripts in D:\OpenServer\domains\oc2\catalog\view\theme\new\template\common\footer.tpl on line 49
2015-08-04 16:18:36 - PHP Warning:  Invalid argument supplied for foreach() in D:\OpenServer\domains\oc2\catalog\view\theme\new\template\common\footer.tpl on line 49
2015-08-04 16:18:36 - PHP Notice:  Undefined variable: google_analytics in D:\OpenServer\domains\oc2\catalog\view\theme\new\template\common\footer.tpl on line 52
2015-08-04 16:22:41 - PHP Notice:  Undefined variable: scripts in D:\OpenServer\domains\oc2\catalog\view\theme\new\template\common\footer.tpl on line 49
2015-08-04 16:22:41 - PHP Warning:  Invalid argument supplied for foreach() in D:\OpenServer\domains\oc2\catalog\view\theme\new\template\common\footer.tpl on line 49
2015-08-04 16:22:41 - PHP Notice:  Undefined variable: google_analytics in D:\OpenServer\domains\oc2\catalog\view\theme\new\template\common\footer.tpl on line 52
2015-08-04 16:22:44 - PHP Notice:  Undefined variable: scripts in D:\OpenServer\domains\oc2\catalog\view\theme\new\template\common\footer.tpl on line 49
2015-08-04 16:22:44 - PHP Warning:  Invalid argument supplied for foreach() in D:\OpenServer\domains\oc2\catalog\view\theme\new\template\common\footer.tpl on line 49
2015-08-04 16:22:44 - PHP Notice:  Undefined variable: google_analytics in D:\OpenServer\domains\oc2\catalog\view\theme\new\template\common\footer.tpl on line 52
2015-08-04 16:26:11 - PHP Notice:  Undefined variable: google_analytics in D:\OpenServer\domains\oc2\catalog\view\theme\new\template\common\footer.tpl on line 52
2015-08-04 16:27:52 - PHP Notice:  Undefined variable: styles in D:\OpenServer\domains\oc2\catalog\view\theme\new\template\common\header.tpl on line 31
2015-08-04 16:27:52 - PHP Warning:  Invalid argument supplied for foreach() in D:\OpenServer\domains\oc2\catalog\view\theme\new\template\common\header.tpl on line 31
2015-08-04 16:43:11 - PHP Notice:  Undefined variable: module in D:\OpenServer\domains\oc2\catalog\view\theme\new\template\common\footer.tpl on line 55
2015-08-04 16:43:11 - PHP Notice:  Undefined variable: module in D:\OpenServer\domains\oc2\catalog\view\theme\new\template\common\footer.tpl on line 63
2015-08-04 16:59:36 - PHP Notice:  Undefined variable: google_analytics in D:\OpenServer\domains\oc2\catalog\view\theme\new\template\common\header.tpl on line 39
2015-08-04 16:59:37 - PHP Notice:  Undefined variable: google_analytics in D:\OpenServer\domains\oc2\catalog\view\theme\new\template\common\header.tpl on line 39
2015-08-04 16:59:59 - PHP Notice:  Undefined variable: google_analytics in D:\OpenServer\domains\oc2\catalog\view\theme\new\template\common\header.tpl on line 39
2015-08-04 17:00:17 - PHP Notice:  Undefined variable: google_analytics in D:\OpenServer\domains\oc2\catalog\view\theme\new\template\common\header.tpl on line 39
2015-08-04 17:00:34 - PHP Notice:  Undefined variable: google_analytics in D:\OpenServer\domains\oc2\catalog\view\theme\new\template\common\header.tpl on line 39
2015-08-04 17:41:17 - PHP Notice:  Undefined variable: text_checkout_account in D:\OpenServer\domains\oc2\catalog\view\theme\new\template\common\footer.tpl on line 63
2015-08-04 17:41:17 - PHP Notice:  Undefined variable: text_checkout_payment_address in D:\OpenServer\domains\oc2\catalog\view\theme\new\template\common\footer.tpl on line 65
2015-08-04 17:41:17 - PHP Notice:  Undefined variable: text_checkout_account in D:\OpenServer\domains\oc2\catalog\view\theme\new\template\common\footer.tpl on line 69
2015-08-04 17:41:17 - PHP Notice:  Undefined variable: text_checkout_payment_address in D:\OpenServer\domains\oc2\catalog\view\theme\new\template\common\footer.tpl on line 71
2015-08-04 17:41:17 - PHP Notice:  Undefined variable: logged in D:\OpenServer\domains\oc2\catalog\view\theme\new\template\common\footer.tpl on line 76
2015-08-04 17:41:17 - PHP Notice:  Undefined variable: text_checkout_option in D:\OpenServer\domains\oc2\catalog\view\theme\new\template\common\footer.tpl on line 84
2015-08-04 17:41:17 - PHP Notice:  Undefined variable: text_checkout_account in D:\OpenServer\domains\oc2\catalog\view\theme\new\template\common\footer.tpl on line 129
2015-08-04 17:41:17 - PHP Notice:  Undefined variable: text_checkout_payment_address in D:\OpenServer\domains\oc2\catalog\view\theme\new\template\common\footer.tpl on line 131
2015-08-04 17:41:17 - PHP Notice:  Undefined variable: shipping_required in D:\OpenServer\domains\oc2\catalog\view\theme\new\template\common\footer.tpl on line 212
2015-08-04 17:41:17 - PHP Notice:  Undefined variable: text_checkout_payment_method in D:\OpenServer\domains\oc2\catalog\view\theme\new\template\common\footer.tpl on line 275
2015-08-04 17:41:17 - PHP Notice:  Undefined variable: text_checkout_confirm in D:\OpenServer\domains\oc2\catalog\view\theme\new\template\common\footer.tpl on line 279
2015-08-04 17:41:17 - PHP Notice:  Undefined variable: text_checkout_payment_address in D:\OpenServer\domains\oc2\catalog\view\theme\new\template\common\footer.tpl on line 293
2015-08-04 17:41:17 - PHP Notice:  Undefined variable: shipping_required in D:\OpenServer\domains\oc2\catalog\view\theme\new\template\common\footer.tpl on line 343
2015-08-04 17:41:17 - PHP Notice:  Undefined variable: text_checkout_payment_method in D:\OpenServer\domains\oc2\catalog\view\theme\new\template\common\footer.tpl on line 369
2015-08-04 17:41:17 - PHP Notice:  Undefined variable: text_checkout_confirm in D:\OpenServer\domains\oc2\catalog\view\theme\new\template\common\footer.tpl on line 373
2015-08-04 17:41:17 - PHP Notice:  Undefined variable: text_checkout_shipping_method in D:\OpenServer\domains\oc2\catalog\view\theme\new\template\common\footer.tpl on line 441
2015-08-04 17:41:17 - PHP Notice:  Undefined variable: text_checkout_payment_method in D:\OpenServer\domains\oc2\catalog\view\theme\new\template\common\footer.tpl on line 445
2015-08-04 17:41:17 - PHP Notice:  Undefined variable: text_checkout_confirm in D:\OpenServer\domains\oc2\catalog\view\theme\new\template\common\footer.tpl on line 446
2015-08-04 17:41:17 - PHP Notice:  Undefined variable: shipping_required in D:\OpenServer\domains\oc2\catalog\view\theme\new\template\common\footer.tpl on line 518
2015-08-04 17:41:17 - PHP Notice:  Undefined variable: text_checkout_payment_method in D:\OpenServer\domains\oc2\catalog\view\theme\new\template\common\footer.tpl on line 580
2015-08-04 17:41:17 - PHP Notice:  Undefined variable: text_checkout_confirm in D:\OpenServer\domains\oc2\catalog\view\theme\new\template\common\footer.tpl on line 584
2015-08-04 17:41:17 - PHP Notice:  Undefined variable: text_checkout_shipping_method in D:\OpenServer\domains\oc2\catalog\view\theme\new\template\common\footer.tpl on line 641
2015-08-04 17:41:17 - PHP Notice:  Undefined variable: text_checkout_payment_method in D:\OpenServer\domains\oc2\catalog\view\theme\new\template\common\footer.tpl on line 645
2015-08-04 17:41:17 - PHP Notice:  Undefined variable: text_checkout_confirm in D:\OpenServer\domains\oc2\catalog\view\theme\new\template\common\footer.tpl on line 646
2015-08-04 17:41:17 - PHP Notice:  Undefined variable: text_checkout_payment_method in D:\OpenServer\domains\oc2\catalog\view\theme\new\template\common\footer.tpl on line 688
2015-08-04 17:41:17 - PHP Notice:  Undefined variable: text_checkout_confirm in D:\OpenServer\domains\oc2\catalog\view\theme\new\template\common\footer.tpl on line 692
2015-08-04 17:41:17 - PHP Notice:  Undefined variable: text_checkout_confirm in D:\OpenServer\domains\oc2\catalog\view\theme\new\template\common\footer.tpl on line 734
2015-08-04 17:41:22 - PHP Notice:  Undefined variable: text_checkout_account in D:\OpenServer\domains\oc2\catalog\view\theme\new\template\common\footer.tpl on line 63
2015-08-04 17:41:22 - PHP Notice:  Undefined variable: text_checkout_payment_address in D:\OpenServer\domains\oc2\catalog\view\theme\new\template\common\footer.tpl on line 65
2015-08-04 17:41:22 - PHP Notice:  Undefined variable: text_checkout_account in D:\OpenServer\domains\oc2\catalog\view\theme\new\template\common\footer.tpl on line 69
2015-08-04 17:41:22 - PHP Notice:  Undefined variable: text_checkout_payment_address in D:\OpenServer\domains\oc2\catalog\view\theme\new\template\common\footer.tpl on line 71
2015-08-04 17:41:22 - PHP Notice:  Undefined variable: logged in D:\OpenServer\domains\oc2\catalog\view\theme\new\template\common\footer.tpl on line 76
2015-08-04 17:41:22 - PHP Notice:  Undefined variable: text_checkout_option in D:\OpenServer\domains\oc2\catalog\view\theme\new\template\common\footer.tpl on line 84
2015-08-04 17:41:22 - PHP Notice:  Undefined variable: text_checkout_account in D:\OpenServer\domains\oc2\catalog\view\theme\new\template\common\footer.tpl on line 129
2015-08-04 17:41:22 - PHP Notice:  Undefined variable: text_checkout_payment_address in D:\OpenServer\domains\oc2\catalog\view\theme\new\template\common\footer.tpl on line 131
2015-08-04 17:41:22 - PHP Notice:  Undefined variable: shipping_required in D:\OpenServer\domains\oc2\catalog\view\theme\new\template\common\footer.tpl on line 212
2015-08-04 17:41:22 - PHP Notice:  Undefined variable: text_checkout_payment_method in D:\OpenServer\domains\oc2\catalog\view\theme\new\template\common\footer.tpl on line 275
2015-08-04 17:41:22 - PHP Notice:  Undefined variable: text_checkout_confirm in D:\OpenServer\domains\oc2\catalog\view\theme\new\template\common\footer.tpl on line 279
2015-08-04 17:41:22 - PHP Notice:  Undefined variable: text_checkout_payment_address in D:\OpenServer\domains\oc2\catalog\view\theme\new\template\common\footer.tpl on line 293
2015-08-04 17:41:22 - PHP Notice:  Undefined variable: shipping_required in D:\OpenServer\domains\oc2\catalog\view\theme\new\template\common\footer.tpl on line 343
2015-08-04 17:41:22 - PHP Notice:  Undefined variable: text_checkout_payment_method in D:\OpenServer\domains\oc2\catalog\view\theme\new\template\common\footer.tpl on line 369
2015-08-04 17:41:22 - PHP Notice:  Undefined variable: text_checkout_confirm in D:\OpenServer\domains\oc2\catalog\view\theme\new\template\common\footer.tpl on line 373
2015-08-04 17:41:22 - PHP Notice:  Undefined variable: text_checkout_shipping_method in D:\OpenServer\domains\oc2\catalog\view\theme\new\template\common\footer.tpl on line 441
2015-08-04 17:41:22 - PHP Notice:  Undefined variable: text_checkout_payment_method in D:\OpenServer\domains\oc2\catalog\view\theme\new\template\common\footer.tpl on line 445
2015-08-04 17:41:22 - PHP Notice:  Undefined variable: text_checkout_confirm in D:\OpenServer\domains\oc2\catalog\view\theme\new\template\common\footer.tpl on line 446
2015-08-04 17:41:22 - PHP Notice:  Undefined variable: shipping_required in D:\OpenServer\domains\oc2\catalog\view\theme\new\template\common\footer.tpl on line 518
2015-08-04 17:41:22 - PHP Notice:  Undefined variable: text_checkout_payment_method in D:\OpenServer\domains\oc2\catalog\view\theme\new\template\common\footer.tpl on line 580
2015-08-04 17:41:22 - PHP Notice:  Undefined variable: text_checkout_confirm in D:\OpenServer\domains\oc2\catalog\view\theme\new\template\common\footer.tpl on line 584
2015-08-04 17:41:22 - PHP Notice:  Undefined variable: text_checkout_shipping_method in D:\OpenServer\domains\oc2\catalog\view\theme\new\template\common\footer.tpl on line 641
2015-08-04 17:41:22 - PHP Notice:  Undefined variable: text_checkout_payment_method in D:\OpenServer\domains\oc2\catalog\view\theme\new\template\common\footer.tpl on line 645
2015-08-04 17:41:22 - PHP Notice:  Undefined variable: text_checkout_confirm in D:\OpenServer\domains\oc2\catalog\view\theme\new\template\common\footer.tpl on line 646
2015-08-04 17:41:22 - PHP Notice:  Undefined variable: text_checkout_payment_method in D:\OpenServer\domains\oc2\catalog\view\theme\new\template\common\footer.tpl on line 688
2015-08-04 17:41:22 - PHP Notice:  Undefined variable: text_checkout_confirm in D:\OpenServer\domains\oc2\catalog\view\theme\new\template\common\footer.tpl on line 692
2015-08-04 17:41:22 - PHP Notice:  Undefined variable: text_checkout_confirm in D:\OpenServer\domains\oc2\catalog\view\theme\new\template\common\footer.tpl on line 734
2015-08-04 17:41:27 - PHP Notice:  Undefined variable: text_checkout_account in D:\OpenServer\domains\oc2\catalog\view\theme\new\template\common\footer.tpl on line 63
2015-08-04 17:41:27 - PHP Notice:  Undefined variable: text_checkout_payment_address in D:\OpenServer\domains\oc2\catalog\view\theme\new\template\common\footer.tpl on line 65
2015-08-04 17:41:27 - PHP Notice:  Undefined variable: text_checkout_account in D:\OpenServer\domains\oc2\catalog\view\theme\new\template\common\footer.tpl on line 69
2015-08-04 17:41:27 - PHP Notice:  Undefined variable: text_checkout_payment_address in D:\OpenServer\domains\oc2\catalog\view\theme\new\template\common\footer.tpl on line 71
2015-08-04 17:41:27 - PHP Notice:  Undefined variable: logged in D:\OpenServer\domains\oc2\catalog\view\theme\new\template\common\footer.tpl on line 76
2015-08-04 17:41:27 - PHP Notice:  Undefined variable: text_checkout_option in D:\OpenServer\domains\oc2\catalog\view\theme\new\template\common\footer.tpl on line 84
2015-08-04 17:41:27 - PHP Notice:  Undefined variable: text_checkout_account in D:\OpenServer\domains\oc2\catalog\view\theme\new\template\common\footer.tpl on line 129
2015-08-04 17:41:27 - PHP Notice:  Undefined variable: text_checkout_payment_address in D:\OpenServer\domains\oc2\catalog\view\theme\new\template\common\footer.tpl on line 131
2015-08-04 17:41:27 - PHP Notice:  Undefined variable: shipping_required in D:\OpenServer\domains\oc2\catalog\view\theme\new\template\common\footer.tpl on line 212
2015-08-04 17:41:27 - PHP Notice:  Undefined variable: text_checkout_payment_method in D:\OpenServer\domains\oc2\catalog\view\theme\new\template\common\footer.tpl on line 275
2015-08-04 17:41:27 - PHP Notice:  Undefined variable: text_checkout_confirm in D:\OpenServer\domains\oc2\catalog\view\theme\new\template\common\footer.tpl on line 279
2015-08-04 17:41:27 - PHP Notice:  Undefined variable: text_checkout_payment_address in D:\OpenServer\domains\oc2\catalog\view\theme\new\template\common\footer.tpl on line 293
2015-08-04 17:41:27 - PHP Notice:  Undefined variable: shipping_required in D:\OpenServer\domains\oc2\catalog\view\theme\new\template\common\footer.tpl on line 343
2015-08-04 17:41:27 - PHP Notice:  Undefined variable: text_checkout_payment_method in D:\OpenServer\domains\oc2\catalog\view\theme\new\template\common\footer.tpl on line 369
2015-08-04 17:41:27 - PHP Notice:  Undefined variable: text_checkout_confirm in D:\OpenServer\domains\oc2\catalog\view\theme\new\template\common\footer.tpl on line 373
2015-08-04 17:41:27 - PHP Notice:  Undefined variable: text_checkout_shipping_method in D:\OpenServer\domains\oc2\catalog\view\theme\new\template\common\footer.tpl on line 441
2015-08-04 17:41:27 - PHP Notice:  Undefined variable: text_checkout_payment_method in D:\OpenServer\domains\oc2\catalog\view\theme\new\template\common\footer.tpl on line 445
2015-08-04 17:41:27 - PHP Notice:  Undefined variable: text_checkout_confirm in D:\OpenServer\domains\oc2\catalog\view\theme\new\template\common\footer.tpl on line 446
2015-08-04 17:41:27 - PHP Notice:  Undefined variable: shipping_required in D:\OpenServer\domains\oc2\catalog\view\theme\new\template\common\footer.tpl on line 518
2015-08-04 17:41:27 - PHP Notice:  Undefined variable: text_checkout_payment_method in D:\OpenServer\domains\oc2\catalog\view\theme\new\template\common\footer.tpl on line 580
2015-08-04 17:41:27 - PHP Notice:  Undefined variable: text_checkout_confirm in D:\OpenServer\domains\oc2\catalog\view\theme\new\template\common\footer.tpl on line 584
2015-08-04 17:41:27 - PHP Notice:  Undefined variable: text_checkout_shipping_method in D:\OpenServer\domains\oc2\catalog\view\theme\new\template\common\footer.tpl on line 641
2015-08-04 17:41:27 - PHP Notice:  Undefined variable: text_checkout_payment_method in D:\OpenServer\domains\oc2\catalog\view\theme\new\template\common\footer.tpl on line 645
2015-08-04 17:41:27 - PHP Notice:  Undefined variable: text_checkout_confirm in D:\OpenServer\domains\oc2\catalog\view\theme\new\template\common\footer.tpl on line 646
2015-08-04 17:41:27 - PHP Notice:  Undefined variable: text_checkout_payment_method in D:\OpenServer\domains\oc2\catalog\view\theme\new\template\common\footer.tpl on line 688
2015-08-04 17:41:27 - PHP Notice:  Undefined variable: text_checkout_confirm in D:\OpenServer\domains\oc2\catalog\view\theme\new\template\common\footer.tpl on line 692
2015-08-04 17:41:27 - PHP Notice:  Undefined variable: text_checkout_confirm in D:\OpenServer\domains\oc2\catalog\view\theme\new\template\common\footer.tpl on line 734
2015-08-04 17:42:14 - PHP Notice:  Undefined variable: text_checkout_account in D:\OpenServer\domains\oc2\catalog\view\theme\new\template\common\footer.tpl on line 63
2015-08-04 17:42:14 - PHP Notice:  Undefined variable: text_checkout_payment_address in D:\OpenServer\domains\oc2\catalog\view\theme\new\template\common\footer.tpl on line 65
2015-08-04 17:42:14 - PHP Notice:  Undefined variable: text_checkout_account in D:\OpenServer\domains\oc2\catalog\view\theme\new\template\common\footer.tpl on line 69
2015-08-04 17:42:14 - PHP Notice:  Undefined variable: text_checkout_payment_address in D:\OpenServer\domains\oc2\catalog\view\theme\new\template\common\footer.tpl on line 71
2015-08-04 17:42:14 - PHP Notice:  Undefined variable: logged in D:\OpenServer\domains\oc2\catalog\view\theme\new\template\common\footer.tpl on line 76
2015-08-04 17:42:14 - PHP Notice:  Undefined variable: text_checkout_option in D:\OpenServer\domains\oc2\catalog\view\theme\new\template\common\footer.tpl on line 84
2015-08-04 17:42:14 - PHP Notice:  Undefined variable: text_checkout_account in D:\OpenServer\domains\oc2\catalog\view\theme\new\template\common\footer.tpl on line 129
2015-08-04 17:42:14 - PHP Notice:  Undefined variable: text_checkout_payment_address in D:\OpenServer\domains\oc2\catalog\view\theme\new\template\common\footer.tpl on line 131
2015-08-04 17:42:14 - PHP Notice:  Undefined variable: shipping_required in D:\OpenServer\domains\oc2\catalog\view\theme\new\template\common\footer.tpl on line 212
2015-08-04 17:42:14 - PHP Notice:  Undefined variable: text_checkout_payment_method in D:\OpenServer\domains\oc2\catalog\view\theme\new\template\common\footer.tpl on line 275
2015-08-04 17:42:14 - PHP Notice:  Undefined variable: text_checkout_confirm in D:\OpenServer\domains\oc2\catalog\view\theme\new\template\common\footer.tpl on line 279
2015-08-04 17:42:14 - PHP Notice:  Undefined variable: text_checkout_payment_address in D:\OpenServer\domains\oc2\catalog\view\theme\new\template\common\footer.tpl on line 293
2015-08-04 17:42:14 - PHP Notice:  Undefined variable: shipping_required in D:\OpenServer\domains\oc2\catalog\view\theme\new\template\common\footer.tpl on line 343
2015-08-04 17:42:14 - PHP Notice:  Undefined variable: text_checkout_payment_method in D:\OpenServer\domains\oc2\catalog\view\theme\new\template\common\footer.tpl on line 369
2015-08-04 17:42:14 - PHP Notice:  Undefined variable: text_checkout_confirm in D:\OpenServer\domains\oc2\catalog\view\theme\new\template\common\footer.tpl on line 373
2015-08-04 17:42:14 - PHP Notice:  Undefined variable: text_checkout_shipping_method in D:\OpenServer\domains\oc2\catalog\view\theme\new\template\common\footer.tpl on line 441
2015-08-04 17:42:14 - PHP Notice:  Undefined variable: text_checkout_payment_method in D:\OpenServer\domains\oc2\catalog\view\theme\new\template\common\footer.tpl on line 445
2015-08-04 17:42:14 - PHP Notice:  Undefined variable: text_checkout_confirm in D:\OpenServer\domains\oc2\catalog\view\theme\new\template\common\footer.tpl on line 446
2015-08-04 17:42:14 - PHP Notice:  Undefined variable: shipping_required in D:\OpenServer\domains\oc2\catalog\view\theme\new\template\common\footer.tpl on line 518
2015-08-04 17:42:14 - PHP Notice:  Undefined variable: text_checkout_payment_method in D:\OpenServer\domains\oc2\catalog\view\theme\new\template\common\footer.tpl on line 580
2015-08-04 17:42:14 - PHP Notice:  Undefined variable: text_checkout_confirm in D:\OpenServer\domains\oc2\catalog\view\theme\new\template\common\footer.tpl on line 584
2015-08-04 17:42:14 - PHP Notice:  Undefined variable: text_checkout_shipping_method in D:\OpenServer\domains\oc2\catalog\view\theme\new\template\common\footer.tpl on line 641
2015-08-04 17:42:14 - PHP Notice:  Undefined variable: text_checkout_payment_method in D:\OpenServer\domains\oc2\catalog\view\theme\new\template\common\footer.tpl on line 645
2015-08-04 17:42:14 - PHP Notice:  Undefined variable: text_checkout_confirm in D:\OpenServer\domains\oc2\catalog\view\theme\new\template\common\footer.tpl on line 646
2015-08-04 17:42:14 - PHP Notice:  Undefined variable: text_checkout_payment_method in D:\OpenServer\domains\oc2\catalog\view\theme\new\template\common\footer.tpl on line 688
2015-08-04 17:42:14 - PHP Notice:  Undefined variable: text_checkout_confirm in D:\OpenServer\domains\oc2\catalog\view\theme\new\template\common\footer.tpl on line 692
2015-08-04 17:42:14 - PHP Notice:  Undefined variable: text_checkout_confirm in D:\OpenServer\domains\oc2\catalog\view\theme\new\template\common\footer.tpl on line 734
2015-08-04 19:01:16 - PHP Notice:  Undefined index: action in D:\OpenServer\domains\oc2\vqmod\vqcache\vq2-admin_view_template_extension_module.tpl on line 44
2015-08-04 19:01:16 - PHP Notice:  Undefined index: action in D:\OpenServer\domains\oc2\vqmod\vqcache\vq2-admin_view_template_extension_module.tpl on line 44
2015-08-04 19:01:16 - PHP Notice:  Undefined index: action in D:\OpenServer\domains\oc2\vqmod\vqcache\vq2-admin_view_template_extension_module.tpl on line 44
2015-08-04 19:01:16 - PHP Notice:  Undefined index: action in D:\OpenServer\domains\oc2\vqmod\vqcache\vq2-admin_view_template_extension_module.tpl on line 44
2015-08-04 19:01:16 - PHP Notice:  Undefined index: action in D:\OpenServer\domains\oc2\vqmod\vqcache\vq2-admin_view_template_extension_module.tpl on line 44
2015-08-04 19:01:16 - PHP Notice:  Undefined index: action in D:\OpenServer\domains\oc2\vqmod\vqcache\vq2-admin_view_template_extension_module.tpl on line 44
2015-08-04 19:01:16 - PHP Notice:  Undefined index: action in D:\OpenServer\domains\oc2\vqmod\vqcache\vq2-admin_view_template_extension_module.tpl on line 44
2015-08-04 19:01:16 - PHP Notice:  Undefined index: action in D:\OpenServer\domains\oc2\vqmod\vqcache\vq2-admin_view_template_extension_module.tpl on line 44
2015-08-04 19:01:16 - PHP Notice:  Undefined index: action in D:\OpenServer\domains\oc2\vqmod\vqcache\vq2-admin_view_template_extension_module.tpl on line 44
2015-08-04 19:01:16 - PHP Notice:  Undefined index: action in D:\OpenServer\domains\oc2\vqmod\vqcache\vq2-admin_view_template_extension_module.tpl on line 44
2015-08-04 19:01:16 - PHP Notice:  Undefined index: action in D:\OpenServer\domains\oc2\vqmod\vqcache\vq2-admin_view_template_extension_module.tpl on line 44
2015-08-04 19:01:16 - PHP Notice:  Undefined index: action in D:\OpenServer\domains\oc2\vqmod\vqcache\vq2-admin_view_template_extension_module.tpl on line 44
2015-08-04 19:01:16 - PHP Notice:  Undefined index: action in D:\OpenServer\domains\oc2\vqmod\vqcache\vq2-admin_view_template_extension_module.tpl on line 44
2015-08-04 19:01:16 - PHP Notice:  Undefined index: action in D:\OpenServer\domains\oc2\vqmod\vqcache\vq2-admin_view_template_extension_module.tpl on line 44
2015-08-04 19:01:16 - PHP Notice:  Undefined index: action in D:\OpenServer\domains\oc2\vqmod\vqcache\vq2-admin_view_template_extension_module.tpl on line 44
2015-08-04 19:01:16 - PHP Notice:  Undefined index: action in D:\OpenServer\domains\oc2\vqmod\vqcache\vq2-admin_view_template_extension_module.tpl on line 44
2015-08-04 19:01:16 - PHP Notice:  Undefined index: action in D:\OpenServer\domains\oc2\vqmod\vqcache\vq2-admin_view_template_extension_module.tpl on line 44
2015-08-04 19:01:16 - PHP Notice:  Undefined index: action in D:\OpenServer\domains\oc2\vqmod\vqcache\vq2-admin_view_template_extension_module.tpl on line 44
2015-08-04 19:01:16 - PHP Notice:  Undefined index: action in D:\OpenServer\domains\oc2\vqmod\vqcache\vq2-admin_view_template_extension_module.tpl on line 44
2015-08-04 19:01:16 - PHP Notice:  Undefined index: action in D:\OpenServer\domains\oc2\vqmod\vqcache\vq2-admin_view_template_extension_module.tpl on line 44
2015-08-04 19:01:16 - PHP Notice:  Undefined index: action in D:\OpenServer\domains\oc2\vqmod\vqcache\vq2-admin_view_template_extension_module.tpl on line 44
2015-08-04 19:06:05 - PHP Notice:  Undefined index: u_title in D:\OpenServer\domains\oc2\vqmod\vqcache\vq2-catalog_model_catalog_product.php on line 13
2015-08-04 19:06:05 - PHP Notice:  Undefined index: u_h1 in D:\OpenServer\domains\oc2\vqmod\vqcache\vq2-catalog_model_catalog_product.php on line 14
2015-08-04 19:06:05 - PHP Notice:  Undefined index: u_h2 in D:\OpenServer\domains\oc2\vqmod\vqcache\vq2-catalog_model_catalog_product.php on line 15
2015-08-04 19:06:05 - PHP Notice:  Undefined index: u_title in D:\OpenServer\domains\oc2\vqmod\vqcache\vq2-catalog_model_catalog_product.php on line 13
2015-08-04 19:06:05 - PHP Notice:  Undefined index: u_h1 in D:\OpenServer\domains\oc2\vqmod\vqcache\vq2-catalog_model_catalog_product.php on line 14
2015-08-04 19:06:05 - PHP Notice:  Undefined index: u_h2 in D:\OpenServer\domains\oc2\vqmod\vqcache\vq2-catalog_model_catalog_product.php on line 15
2015-08-04 19:06:05 - PHP Notice:  Undefined index: u_title in D:\OpenServer\domains\oc2\vqmod\vqcache\vq2-catalog_model_catalog_product.php on line 13
2015-08-04 19:06:05 - PHP Notice:  Undefined index: u_h1 in D:\OpenServer\domains\oc2\vqmod\vqcache\vq2-catalog_model_catalog_product.php on line 14
2015-08-04 19:06:05 - PHP Notice:  Undefined index: u_h2 in D:\OpenServer\domains\oc2\vqmod\vqcache\vq2-catalog_model_catalog_product.php on line 15
2015-08-04 19:06:05 - PHP Notice:  Undefined index: u_title in D:\OpenServer\domains\oc2\vqmod\vqcache\vq2-catalog_model_catalog_product.php on line 13
2015-08-04 19:06:05 - PHP Notice:  Undefined index: u_h1 in D:\OpenServer\domains\oc2\vqmod\vqcache\vq2-catalog_model_catalog_product.php on line 14
2015-08-04 19:06:05 - PHP Notice:  Undefined index: u_h2 in D:\OpenServer\domains\oc2\vqmod\vqcache\vq2-catalog_model_catalog_product.php on line 15
2015-08-04 19:06:05 - PHP Notice:  Undefined index: u_title in D:\OpenServer\domains\oc2\vqmod\vqcache\vq2-catalog_model_catalog_product.php on line 13
2015-08-04 19:06:05 - PHP Notice:  Undefined index: u_h1 in D:\OpenServer\domains\oc2\vqmod\vqcache\vq2-catalog_model_catalog_product.php on line 14
2015-08-04 19:06:05 - PHP Notice:  Undefined index: u_h2 in D:\OpenServer\domains\oc2\vqmod\vqcache\vq2-catalog_model_catalog_product.php on line 15
2015-08-04 19:06:05 - PHP Notice:  Undefined index: u_title in D:\OpenServer\domains\oc2\vqmod\vqcache\vq2-catalog_model_catalog_product.php on line 13
2015-08-04 19:06:05 - PHP Notice:  Undefined index: u_h1 in D:\OpenServer\domains\oc2\vqmod\vqcache\vq2-catalog_model_catalog_product.php on line 14
2015-08-04 19:06:05 - PHP Notice:  Undefined index: u_h2 in D:\OpenServer\domains\oc2\vqmod\vqcache\vq2-catalog_model_catalog_product.php on line 15
2015-08-04 19:06:05 - PHP Notice:  Undefined index: u_title in D:\OpenServer\domains\oc2\vqmod\vqcache\vq2-catalog_model_catalog_product.php on line 13
2015-08-04 19:06:05 - PHP Notice:  Undefined index: u_h1 in D:\OpenServer\domains\oc2\vqmod\vqcache\vq2-catalog_model_catalog_product.php on line 14
2015-08-04 19:06:05 - PHP Notice:  Undefined index: u_h2 in D:\OpenServer\domains\oc2\vqmod\vqcache\vq2-catalog_model_catalog_product.php on line 15
2015-08-04 19:06:05 - PHP Notice:  Undefined index: u_title in D:\OpenServer\domains\oc2\vqmod\vqcache\vq2-catalog_model_catalog_product.php on line 13
2015-08-04 19:06:05 - PHP Notice:  Undefined index: u_h1 in D:\OpenServer\domains\oc2\vqmod\vqcache\vq2-catalog_model_catalog_product.php on line 14
2015-08-04 19:06:05 - PHP Notice:  Undefined index: u_h2 in D:\OpenServer\domains\oc2\vqmod\vqcache\vq2-catalog_model_catalog_product.php on line 15
2015-08-04 19:22:03 - PHP Notice:  Undefined property: Loader::$request in D:\OpenServer\domains\oc2\vqmod\vqcache\vq2-admin_view_template_catalog_product_form.tpl on line 1412
2015-08-04 19:22:03 - PHP Notice:  Trying to get property of non-object in D:\OpenServer\domains\oc2\vqmod\vqcache\vq2-admin_view_template_catalog_product_form.tpl on line 1412
2015-08-04 19:22:03 - PHP Notice:  Undefined property: Loader::$request in D:\OpenServer\domains\oc2\vqmod\vqcache\vq2-admin_view_template_catalog_product_form.tpl on line 1413
2015-08-04 19:22:03 - PHP Notice:  Trying to get property of non-object in D:\OpenServer\domains\oc2\vqmod\vqcache\vq2-admin_view_template_catalog_product_form.tpl on line 1413
2015-08-04 19:22:42 - PHP Notice:  Undefined property: Loader::$request in D:\OpenServer\domains\oc2\vqmod\vqcache\vq2-admin_view_template_catalog_product_form.tpl on line 1412
2015-08-04 19:22:42 - PHP Notice:  Trying to get property of non-object in D:\OpenServer\domains\oc2\vqmod\vqcache\vq2-admin_view_template_catalog_product_form.tpl on line 1412
2015-08-04 19:22:42 - PHP Notice:  Undefined property: Loader::$request in D:\OpenServer\domains\oc2\vqmod\vqcache\vq2-admin_view_template_catalog_product_form.tpl on line 1413
2015-08-04 19:22:42 - PHP Notice:  Trying to get property of non-object in D:\OpenServer\domains\oc2\vqmod\vqcache\vq2-admin_view_template_catalog_product_form.tpl on line 1413
2015-08-04 19:24:31 - PHP Notice:  Undefined property: Loader::$request in D:\OpenServer\domains\oc2\vqmod\vqcache\vq2-admin_view_template_catalog_product_form.tpl on line 1445
2015-08-04 19:24:31 - PHP Notice:  Trying to get property of non-object in D:\OpenServer\domains\oc2\vqmod\vqcache\vq2-admin_view_template_catalog_product_form.tpl on line 1445
2015-08-04 19:24:31 - PHP Notice:  Undefined property: Loader::$request in D:\OpenServer\domains\oc2\vqmod\vqcache\vq2-admin_view_template_catalog_product_form.tpl on line 1446
2015-08-04 19:24:31 - PHP Notice:  Trying to get property of non-object in D:\OpenServer\domains\oc2\vqmod\vqcache\vq2-admin_view_template_catalog_product_form.tpl on line 1446
2015-08-04 19:24:53 - PHP Notice:  Undefined property: Loader::$request in D:\OpenServer\domains\oc2\vqmod\vqcache\vq2-admin_view_template_catalog_product_form.tpl on line 1412
2015-08-04 19:24:53 - PHP Notice:  Trying to get property of non-object in D:\OpenServer\domains\oc2\vqmod\vqcache\vq2-admin_view_template_catalog_product_form.tpl on line 1412
2015-08-04 19:24:53 - PHP Notice:  Undefined property: Loader::$request in D:\OpenServer\domains\oc2\vqmod\vqcache\vq2-admin_view_template_catalog_product_form.tpl on line 1413
2015-08-04 19:24:53 - PHP Notice:  Trying to get property of non-object in D:\OpenServer\domains\oc2\vqmod\vqcache\vq2-admin_view_template_catalog_product_form.tpl on line 1413
